ERROR - 2022-08-08 15:36:45 --> Error connecting to the database: mysqli_sql_exception: Access denied for user ''@'localhost' (using password: NO) in E:\www\resr-server-mahasiswa\vendor\codeigniter4\framework\system\Database\MySQLi\Connection.php:171
Stack trace:
#0 E:\www\resr-server-mahasiswa\vendor\codeigniter4\framework\system\Database\MySQLi\Connection.php(171): mysqli->real_connect('localhost', '', '', '', 3306, '', 0)
#1 E:\www\resr-server-mahasiswa\vendor\codeigniter4\framework\system\Database\BaseConnection.php(382): CodeIgniter\Database\MySQLi\Connection->connect(false)
#2 E:\www\resr-server-mahasiswa\vendor\codeigniter4\framework\system\Database\BaseConnection.php(588): CodeIgniter\Database\BaseConnection->initialize()
#3 E:\www\resr-server-mahasiswa\vendor\codeigniter4\framework\system\Database\BaseBuilder.php(1916): CodeIgniter\Database\BaseConnection->query('INSERT INTO `ma...', Array, false)
#4 E:\www\resr-server-mahasiswa\vendor\codeigniter4\framework\system\Model.php(278): CodeIgniter\Database\BaseBuilder->insert()
#5 E:\www\resr-server-mahasiswa\vendor\codeigniter4\framework\system\BaseModel.php(738): CodeIgniter\Model->doInsert(Array)
#6 E:\www\resr-server-mahasiswa\vendor\codeigniter4\framework\system\Model.php(666): CodeIgniter\BaseModel->insert(Array, true)
#7 E:\www\resr-server-mahasiswa\app\Controllers\Mahasiswa.php(50): CodeIgniter\Model->insert(Array)
#8 E:\www\resr-server-mahasiswa\vendor\codeigniter4\framework\system\CodeIgniter.php(898): App\Controllers\Mahasiswa->create()
#9 E:\www\resr-server-mahasiswa\vendor\codeigniter4\framework\system\CodeIgniter.php(457): CodeIgniter\CodeIgniter->runController(Object(App\Controllers\Mahasiswa))
#10 E:\www\resr-server-mahasiswa\vendor\codeigniter4\framework\system\CodeIgniter.php(340): CodeIgniter\CodeIgniter->handleRequest(NULL, Object(Config\Cache), false)
#11 E:\www\resr-server-mahasiswa\public\index.php(55): CodeIgniter\CodeIgniter->run()
#12 E:\www\resr-server-mahasiswa\vendor\codeigniter4\framework\system\Commands\Server\rewrite.php(43): require_once('E:\\www\\resr-ser...')
#13 {main}

Next CodeIgniter\Database\Exceptions\DatabaseException: Access denied for user ''@'localhost' (using password: NO) in E:\www\resr-server-mahasiswa\vendor\codeigniter4\framework\system\Database\MySQLi\Connection.php:215
Stack trace:
#0 E:\www\resr-server-mahasiswa\vendor\codeigniter4\framework\system\Database\BaseConnection.php(382): CodeIgniter\Database\MySQLi\Connection->connect(false)
#1 E:\www\resr-server-mahasiswa\vendor\codeigniter4\framework\system\Database\BaseConnection.php(588): CodeIgniter\Database\BaseConnection->initialize()
#2 E:\www\resr-server-mahasiswa\vendor\codeigniter4\framework\system\Database\BaseBuilder.php(1916): CodeIgniter\Database\BaseConnection->query('INSERT INTO `ma...', Array, false)
#3 E:\www\resr-server-mahasiswa\vendor\codeigniter4\framework\system\Model.php(278): CodeIgniter\Database\BaseBuilder->insert()
#4 E:\www\resr-server-mahasiswa\vendor\codeigniter4\framework\system\BaseModel.php(738): CodeIgniter\Model->doInsert(Array)
#5 E:\www\resr-server-mahasiswa\vendor\codeigniter4\framework\system\Model.php(666): CodeIgniter\BaseModel->insert(Array, true)
#6 E:\www\resr-server-mahasiswa\app\Controllers\Mahasiswa.php(50): CodeIgniter\Model->insert(Array)
#7 E:\www\resr-server-mahasiswa\vendor\codeigniter4\framework\system\CodeIgniter.php(898): App\Controllers\Mahasiswa->create()
#8 E:\www\resr-server-mahasiswa\vendor\codeigniter4\framework\system\CodeIgniter.php(457): CodeIgniter\CodeIgniter->runController(Object(App\Controllers\Mahasiswa))
#9 E:\www\resr-server-mahasiswa\vendor\codeigniter4\framework\system\CodeIgniter.php(340): CodeIgniter\CodeIgniter->handleRequest(NULL, Object(Config\Cache), false)
#10 E:\www\resr-server-mahasiswa\public\index.php(55): CodeIgniter\CodeIgniter->run()
#11 E:\www\resr-server-mahasiswa\vendor\codeigniter4\framework\system\Commands\Server\rewrite.php(43): require_once('E:\\www\\resr-ser...')
#12 {main}
CRITICAL - 2022-08-08 15:36:45 --> Unable to connect to the database.
Main connection [MySQLi]: Access denied for user ''@'localhost' (using password: NO)
in SYSTEMPATH\Database\BaseConnection.php on line 418.
 1 SYSTEMPATH\Database\BaseConnection.php(588): CodeIgniter\Database\BaseConnection->initialize()
 2 SYSTEMPATH\Database\BaseBuilder.php(1916): CodeIgniter\Database\BaseConnection->query('INSERT INTO `mahasiswa` (`nama`, `nim`, `gambar`) VALUES (:nama:, :nim:, :gambar:)', [...], false)
 3 SYSTEMPATH\Model.php(278): CodeIgniter\Database\BaseBuilder->insert()
 4 SYSTEMPATH\BaseModel.php(738): CodeIgniter\Model->doInsert([...])
 5 SYSTEMPATH\Model.php(666): CodeIgniter\BaseModel->insert([...], true)
 6 APPPATH\Controllers\Mahasiswa.php(50): CodeIgniter\Model->insert([...])
 7 SYSTEMPATH\CodeIgniter.php(898): App\Controllers\Mahasiswa->create()
 8 SYSTEMPATH\CodeIgniter.php(457): CodeIgniter\CodeIgniter->runController(Object(App\Controllers\Mahasiswa))
 9 SYSTEMPATH\CodeIgniter.php(340): CodeIgniter\CodeIgniter->handleRequest(null, Object(Config\Cache), false)
10 FCPATH\index.php(55): CodeIgniter\CodeIgniter->run()
11 SYSTEMPATH\Commands\Server\rewrite.php(43): require_once('FCPATH\\index.php')
ERROR - 2022-08-08 15:36:49 --> Error connecting to the database: mysqli_sql_exception: Access denied for user ''@'localhost' (using password: NO) in E:\www\resr-server-mahasiswa\vendor\codeigniter4\framework\system\Database\MySQLi\Connection.php:171
Stack trace:
#0 E:\www\resr-server-mahasiswa\vendor\codeigniter4\framework\system\Database\MySQLi\Connection.php(171): mysqli->real_connect('localhost', '', '', '', 3306, '', 0)
#1 E:\www\resr-server-mahasiswa\vendor\codeigniter4\framework\system\Database\BaseConnection.php(382): CodeIgniter\Database\MySQLi\Connection->connect(false)
#2 E:\www\resr-server-mahasiswa\vendor\codeigniter4\framework\system\Database\BaseConnection.php(588): CodeIgniter\Database\BaseConnection->initialize()
#3 E:\www\resr-server-mahasiswa\vendor\codeigniter4\framework\system\Database\BaseBuilder.php(1585): CodeIgniter\Database\BaseConnection->query('SELECT *\nFROM `...', Array, false)
#4 E:\www\resr-server-mahasiswa\vendor\codeigniter4\framework\system\Model.php(222): CodeIgniter\Database\BaseBuilder->get()
#5 E:\www\resr-server-mahasiswa\vendor\codeigniter4\framework\system\BaseModel.php(584): CodeIgniter\Model->doFindAll(0, 0)
#6 E:\www\resr-server-mahasiswa\app\Controllers\Mahasiswa.php(22): CodeIgniter\BaseModel->findAll()
#7 E:\www\resr-server-mahasiswa\vendor\codeigniter4\framework\system\CodeIgniter.php(898): App\Controllers\Mahasiswa->index()
#8 E:\www\resr-server-mahasiswa\vendor\codeigniter4\framework\system\CodeIgniter.php(457): CodeIgniter\CodeIgniter->runController(Object(App\Controllers\Mahasiswa))
#9 E:\www\resr-server-mahasiswa\vendor\codeigniter4\framework\system\CodeIgniter.php(340): CodeIgniter\CodeIgniter->handleRequest(NULL, Object(Config\Cache), false)
#10 E:\www\resr-server-mahasiswa\public\index.php(55): CodeIgniter\CodeIgniter->run()
#11 E:\www\resr-server-mahasiswa\vendor\codeigniter4\framework\system\Commands\Server\rewrite.php(43): require_once('E:\\www\\resr-ser...')
#12 {main}

Next CodeIgniter\Database\Exceptions\DatabaseException: Access denied for user ''@'localhost' (using password: NO) in E:\www\resr-server-mahasiswa\vendor\codeigniter4\framework\system\Database\MySQLi\Connection.php:215
Stack trace:
#0 E:\www\resr-server-mahasiswa\vendor\codeigniter4\framework\system\Database\BaseConnection.php(382): CodeIgniter\Database\MySQLi\Connection->connect(false)
#1 E:\www\resr-server-mahasiswa\vendor\codeigniter4\framework\system\Database\BaseConnection.php(588): CodeIgniter\Database\BaseConnection->initialize()
#2 E:\www\resr-server-mahasiswa\vendor\codeigniter4\framework\system\Database\BaseBuilder.php(1585): CodeIgniter\Database\BaseConnection->query('SELECT *\nFROM `...', Array, false)
#3 E:\www\resr-server-mahasiswa\vendor\codeigniter4\framework\system\Model.php(222): CodeIgniter\Database\BaseBuilder->get()
#4 E:\www\resr-server-mahasiswa\vendor\codeigniter4\framework\system\BaseModel.php(584): CodeIgniter\Model->doFindAll(0, 0)
#5 E:\www\resr-server-mahasiswa\app\Controllers\Mahasiswa.php(22): CodeIgniter\BaseModel->findAll()
#6 E:\www\resr-server-mahasiswa\vendor\codeigniter4\framework\system\CodeIgniter.php(898): App\Controllers\Mahasiswa->index()
#7 E:\www\resr-server-mahasiswa\vendor\codeigniter4\framework\system\CodeIgniter.php(457): CodeIgniter\CodeIgniter->runController(Object(App\Controllers\Mahasiswa))
#8 E:\www\resr-server-mahasiswa\vendor\codeigniter4\framework\system\CodeIgniter.php(340): CodeIgniter\CodeIgniter->handleRequest(NULL, Object(Config\Cache), false)
#9 E:\www\resr-server-mahasiswa\public\index.php(55): CodeIgniter\CodeIgniter->run()
#10 E:\www\resr-server-mahasiswa\vendor\codeigniter4\framework\system\Commands\Server\rewrite.php(43): require_once('E:\\www\\resr-ser...')
#11 {main}
CRITICAL - 2022-08-08 15:36:49 --> Unable to connect to the database.
Main connection [MySQLi]: Access denied for user ''@'localhost' (using password: NO)
in SYSTEMPATH\Database\BaseConnection.php on line 418.
 1 SYSTEMPATH\Database\BaseConnection.php(588): CodeIgniter\Database\BaseConnection->initialize()
 2 SYSTEMPATH\Database\BaseBuilder.php(1585): CodeIgniter\Database\BaseConnection->query('SELECT *
FROM `mahasiswa`', [], false)
 3 SYSTEMPATH\Model.php(222): CodeIgniter\Database\BaseBuilder->get()
 4 SYSTEMPATH\BaseModel.php(584): CodeIgniter\Model->doFindAll(0, 0)
 5 APPPATH\Controllers\Mahasiswa.php(22): CodeIgniter\BaseModel->findAll()
 6 SYSTEMPATH\CodeIgniter.php(898): App\Controllers\Mahasiswa->index()
 7 SYSTEMPATH\CodeIgniter.php(457): CodeIgniter\CodeIgniter->runController(Object(App\Controllers\Mahasiswa))
 8 SYSTEMPATH\CodeIgniter.php(340): CodeIgniter\CodeIgniter->handleRequest(null, Object(Config\Cache), false)
 9 FCPATH\index.php(55): CodeIgniter\CodeIgniter->run()
10 SYSTEMPATH\Commands\Server\rewrite.php(43): require_once('FCPATH\\index.php')
ERROR - 2022-08-08 15:36:53 --> Error connecting to the database: mysqli_sql_exception: Access denied for user ''@'localhost' (using password: NO) in E:\www\resr-server-mahasiswa\vendor\codeigniter4\framework\system\Database\MySQLi\Connection.php:171
Stack trace:
#0 E:\www\resr-server-mahasiswa\vendor\codeigniter4\framework\system\Database\MySQLi\Connection.php(171): mysqli->real_connect('localhost', '', '', '', 3306, '', 0)
#1 E:\www\resr-server-mahasiswa\vendor\codeigniter4\framework\system\Database\BaseConnection.php(382): CodeIgniter\Database\MySQLi\Connection->connect(false)
#2 E:\www\resr-server-mahasiswa\vendor\codeigniter4\framework\system\Database\BaseConnection.php(588): CodeIgniter\Database\BaseConnection->initialize()
#3 E:\www\resr-server-mahasiswa\vendor\codeigniter4\framework\system\Database\BaseBuilder.php(1585): CodeIgniter\Database\BaseConnection->query('SELECT *\nFROM `...', Array, false)
#4 E:\www\resr-server-mahasiswa\vendor\codeigniter4\framework\system\Model.php(222): CodeIgniter\Database\BaseBuilder->get()
#5 E:\www\resr-server-mahasiswa\vendor\codeigniter4\framework\system\BaseModel.php(584): CodeIgniter\Model->doFindAll(0, 0)
#6 E:\www\resr-server-mahasiswa\app\Controllers\Mahasiswa.php(22): CodeIgniter\BaseModel->findAll()
#7 E:\www\resr-server-mahasiswa\vendor\codeigniter4\framework\system\CodeIgniter.php(898): App\Controllers\Mahasiswa->index()
#8 E:\www\resr-server-mahasiswa\vendor\codeigniter4\framework\system\CodeIgniter.php(457): CodeIgniter\CodeIgniter->runController(Object(App\Controllers\Mahasiswa))
#9 E:\www\resr-server-mahasiswa\vendor\codeigniter4\framework\system\CodeIgniter.php(340): CodeIgniter\CodeIgniter->handleRequest(NULL, Object(Config\Cache), false)
#10 E:\www\resr-server-mahasiswa\public\index.php(55): CodeIgniter\CodeIgniter->run()
#11 E:\www\resr-server-mahasiswa\vendor\codeigniter4\framework\system\Commands\Server\rewrite.php(43): require_once('E:\\www\\resr-ser...')
#12 {main}

Next CodeIgniter\Database\Exceptions\DatabaseException: Access denied for user ''@'localhost' (using password: NO) in E:\www\resr-server-mahasiswa\vendor\codeigniter4\framework\system\Database\MySQLi\Connection.php:215
Stack trace:
#0 E:\www\resr-server-mahasiswa\vendor\codeigniter4\framework\system\Database\BaseConnection.php(382): CodeIgniter\Database\MySQLi\Connection->connect(false)
#1 E:\www\resr-server-mahasiswa\vendor\codeigniter4\framework\system\Database\BaseConnection.php(588): CodeIgniter\Database\BaseConnection->initialize()
#2 E:\www\resr-server-mahasiswa\vendor\codeigniter4\framework\system\Database\BaseBuilder.php(1585): CodeIgniter\Database\BaseConnection->query('SELECT *\nFROM `...', Array, false)
#3 E:\www\resr-server-mahasiswa\vendor\codeigniter4\framework\system\Model.php(222): CodeIgniter\Database\BaseBuilder->get()
#4 E:\www\resr-server-mahasiswa\vendor\codeigniter4\framework\system\BaseModel.php(584): CodeIgniter\Model->doFindAll(0, 0)
#5 E:\www\resr-server-mahasiswa\app\Controllers\Mahasiswa.php(22): CodeIgniter\BaseModel->findAll()
#6 E:\www\resr-server-mahasiswa\vendor\codeigniter4\framework\system\CodeIgniter.php(898): App\Controllers\Mahasiswa->index()
#7 E:\www\resr-server-mahasiswa\vendor\codeigniter4\framework\system\CodeIgniter.php(457): CodeIgniter\CodeIgniter->runController(Object(App\Controllers\Mahasiswa))
#8 E:\www\resr-server-mahasiswa\vendor\codeigniter4\framework\system\CodeIgniter.php(340): CodeIgniter\CodeIgniter->handleRequest(NULL, Object(Config\Cache), false)
#9 E:\www\resr-server-mahasiswa\public\index.php(55): CodeIgniter\CodeIgniter->run()
#10 E:\www\resr-server-mahasiswa\vendor\codeigniter4\framework\system\Commands\Server\rewrite.php(43): require_once('E:\\www\\resr-ser...')
#11 {main}
CRITICAL - 2022-08-08 15:36:53 --> Unable to connect to the database.
Main connection [MySQLi]: Access denied for user ''@'localhost' (using password: NO)
in SYSTEMPATH\Database\BaseConnection.php on line 418.
 1 SYSTEMPATH\Database\BaseConnection.php(588): CodeIgniter\Database\BaseConnection->initialize()
 2 SYSTEMPATH\Database\BaseBuilder.php(1585): CodeIgniter\Database\BaseConnection->query('SELECT *
FROM `mahasiswa`', [], false)
 3 SYSTEMPATH\Model.php(222): CodeIgniter\Database\BaseBuilder->get()
 4 SYSTEMPATH\BaseModel.php(584): CodeIgniter\Model->doFindAll(0, 0)
 5 APPPATH\Controllers\Mahasiswa.php(22): CodeIgniter\BaseModel->findAll()
 6 SYSTEMPATH\CodeIgniter.php(898): App\Controllers\Mahasiswa->index()
 7 SYSTEMPATH\CodeIgniter.php(457): CodeIgniter\CodeIgniter->runController(Object(App\Controllers\Mahasiswa))
 8 SYSTEMPATH\CodeIgniter.php(340): CodeIgniter\CodeIgniter->handleRequest(null, Object(Config\Cache), false)
 9 FCPATH\index.php(55): CodeIgniter\CodeIgniter->run()
10 SYSTEMPATH\Commands\Server\rewrite.php(43): require_once('FCPATH\\index.php')
CRITICAL - 2022-08-08 15:41:13 --> Trying to access array offset on value of type null
in APPPATH\Controllers\Mahasiswa.php on line 125.
 1 APPPATH\Controllers\Mahasiswa.php(125): CodeIgniter\Debug\Exceptions->errorHandler(8, 'Trying to access array offset on value of type null', 'APPPATH\\Controllers\\Mahasiswa.php', 125, [...])
 2 SYSTEMPATH\CodeIgniter.php(898): App\Controllers\Mahasiswa->delete('delete', '4')
 3 SYSTEMPATH\CodeIgniter.php(457): CodeIgniter\CodeIgniter->runController(Object(App\Controllers\Mahasiswa))
 4 SYSTEMPATH\CodeIgniter.php(340): CodeIgniter\CodeIgniter->handleRequest(null, Object(Config\Cache), false)
 5 FCPATH\index.php(55): CodeIgniter\CodeIgniter->run()
 6 SYSTEMPATH\Commands\Server\rewrite.php(43): require_once('FCPATH\\index.php')
